# JRE version: Java(TM) SE Runtime Environment (8.0_45-b15) (build 1.8.0_45-b15)
# Java VM: Java HotSpot(TM) 64-Bit Server VM (25.45-b02 mixed mode windows-amd64 compressed oops)
Heap:
 PSYoungGen      total 50176K, used 15017K [0x00000000f5580000, 0x00000000f8c80000, 0x0000000100000000)
  eden space 48640K, 27% used [0x00000000f5580000,0x00000000f62add60,0x00000000f8500000)
  from space 1536K, 99% used [0x00000000f8800000,0x00000000f897c810,0x00000000f8980000)
  to   space 3072K, 0% used [0x00000000f8500000,0x00000000f8500000,0x00000000f8800000)
 ParOldGen       total 112128K, used 45506K [0x00000000e0000000, 0x00000000e6d80000, 0x00000000f5580000)
  object space 112128K, 40% used [0x00000000e0000000,0x00000000e2c70908,0x00000000e6d80000)
 Metaspace       used 82596K, capacity 88670K, committed 88832K, reserved 1126400K
  class space    used 9975K, capacity 11957K, committed 12032K, reserved 1048576K
GC Heap History (10 events):
Event: 148213.154 GC heap before
{Heap before GC invocations=4961 (full 2472):
 PSYoungGen      total 49152K, used 256K [0x00000000f5580000, 0x00000000f8680000, 0x0000000100000000)
  eden space 48128K, 0% used [0x00000000f5580000,0x00000000f5580000,0x00000000f8480000)
  from space 1024K, 25% used [0x00000000f8480000,0x00000000f84c0000,0x00000000f8580000)
  to   space 1024K, 0% used [0x00000000f8580000,0x00000000f8580000,0x00000000f8680000)
 ParOldGen       total 112128K, used 40919K [0x00000000e0000000, 0x00000000e6d80000, 0x00000000f5580000)
  object space 112128K, 36% used [0x00000000e0000000,0x00000000e27f5db0,0x00000000e6d80000)
 Metaspace       used 81105K, capacity 87442K, committed 87680K, reserved 1124352K
  class space    used 9815K, capacity 11826K, committed 11904K, reserved 1048576K
Event: 148213.226 GC heap after
Heap after GC invocations=4961 (full 2472):
 PSYoungGen      total 49152K, used 0K [0x00000000f5580000, 0x00000000f8680000, 0x0000000100000000)
  eden space 48128K, 0% used [0x00000000f5580000,0x00000000f5580000,0x00000000f8480000)
  from space 1024K, 0% used [0x00000000f8480000,0x00000000f8480000,0x00000000f8580000)
  to   space 1024K, 0% used [0x00000000f8580000,0x00000000f8580000,0x00000000f8680000)
 ParOldGen       total 112128K, used 40919K [0x00000000e0000000, 0x00000000e6d80000, 0x00000000f5580000)
  object space 112128K, 36% used [0x00000000e0000000,0x00000000e27f5db0,0x00000000e6d80000)
 Metaspace       used 81105K, capacity 87442K, committed 87680K, reserved 1124352K
  class space    used 9815K, capacity 11826K, committed 11904K, reserved 1048576K
}
Event: 148273.162 GC heap before
{Heap before GC invocations=4962 (full 2472):
 PSYoungGen      total 49152K, used 8125K [0x00000000f5580000, 0x00000000f8680000, 0x0000000100000000)
  eden space 48128K, 16% used [0x00000000f5580000,0x00000000f5d6f5e0,0x00000000f8480000)
  from space 1024K, 0% used [0x00000000f8480000,0x00000000f8480000,0x00000000f8580000)
  to   space 1024K, 0% used [0x00000000f8580000,0x00000000f8580000,0x00000000f8680000)
 ParOldGen       total 112128K, used 40919K [0x00000000e0000000, 0x00000000e6d80000, 0x00000000f5580000)
  object space 112128K, 36% used [0x00000000e0000000,0x00000000e27f5db0,0x00000000e6d80000)
 Metaspace       used 81105K, capacity 87442K, committed 87680K, reserved 1124352K
  class space    used 9815K, capacity 11826K, committed 11904K, reserved 1048576K
Event: 148273.164 GC heap after
Heap after GC invocations=4962 (full 2472):
 PSYoungGen      total 49152K, used 576K [0x00000000f5580000, 0x00000000f8680000, 0x0000000100000000)
  eden space 48128K, 0% used [0x00000000f5580000,0x00000000f5580000,0x00000000f8480000)
  from space 1024K, 56% used [0x00000000f8580000,0x00000000f8610000,0x00000000f8680000)
  to   space 1024K, 0% used [0x00000000f8480000,0x00000000f8480000,0x00000000f8580000)
 ParOldGen       total 112128K, used 40919K [0x00000000e0000000, 0x00000000e6d80000, 0x00000000f5580000)
  object space 112128K, 36% used [0x00000000e0000000,0x00000000e27f5db0,0x00000000e6d80000)
 Metaspace       used 81105K, capacity 87442K, committed 87680K, reserved 1124352K
  class space    used 9815K, capacity 11826K, committed 11904K, reserved 1048576K
}
Event: 148273.164 GC heap before
{Heap before GC invocations=4963 (full 2473):
 PSYoungGen      total 49152K, used 576K [0x00000000f5580000, 0x00000000f8680000, 0x0000000100000000)
  eden space 48128K, 0% used [0x00000000f5580000,0x00000000f5580000,0x00000000f8480000)
  from space 1024K, 56% used [0x00000000f8580000,0x00000000f8610000,0x00000000f8680000)
  to   space 1024K, 0% used [0x00000000f8480000,0x00000000f8480000,0x00000000f8580000)
 ParOldGen       total 112128K, used 40919K [0x00000000e0000000, 0x00000000e6d80000, 0x00000000f5580000)
  object space 112128K, 36% used [0x00000000e0000000,0x00000000e27f5db0,0x00000000e6d80000)
 Metaspace       used 81105K, capacity 87442K, committed 87680K, reserved 1124352K
  class space    used 9815K, capacity 11826K, committed 11904K, reserved 1048576K
Event: 148273.232 GC heap after
Heap after GC invocations=4963 (full 2473):
 PSYoungGen      total 49152K, used 0K [0x00000000f5580000, 0x00000000f8680000, 0x0000000100000000)
  eden space 48128K, 0% used [0x00000000f5580000,0x00000000f5580000,0x00000000f8480000)
  from space 1024K, 0% used [0x00000000f8580000,0x00000000f8580000,0x00000000f8680000)
  to   space 1024K, 0% used [0x00000000f8480000,0x00000000f8480000,0x00000000f8580000)
 ParOldGen       total 112128K, used 41054K [0x00000000e0000000, 0x00000000e6d80000, 0x00000000f5580000)
  object space 112128K, 36% used [0x00000000e0000000,0x00000000e2817a10,0x00000000e6d80000)
 Metaspace       used 81105K, capacity 87442K, committed 87680K, reserved 1124352K
  class space    used 9815K, capacity 11826K, committed 11904K, reserved 1048576K
}
Event: 148291.069 GC heap before
{Heap before GC invocations=4964 (full 2473):
 PSYoungGen      total 49152K, used 48128K [0x00000000f5580000, 0x00000000f8680000, 0x0000000100000000)
  eden space 48128K, 100% used [0x00000000f5580000,0x00000000f8480000,0x00000000f8480000)
  from space 1024K, 0% used [0x00000000f8580000,0x00000000f8580000,0x00000000f8680000)
  to   space 1024K, 0% used [0x00000000f8480000,0x00000000f8480000,0x00000000f8580000)
 ParOldGen       total 112128K, used 41054K [0x00000000e0000000, 0x00000000e6d80000, 0x00000000f5580000)
  object space 112128K, 36% used [0x00000000e0000000,0x00000000e2817a10,0x00000000e6d80000)
 Metaspace       used 81737K, capacity 88082K, committed 88192K, reserved 1126400K
  class space    used 9880K, capacity 11890K, committed 11904K, reserved 1048576K
Event: 148291.073 GC heap after
Heap after GC invocations=4964 (full 2473):
 PSYoungGen      total 49152K, used 1015K [0x00000000f5580000, 0x00000000f8980000, 0x0000000100000000)
  eden space 48128K, 0% used [0x00000000f5580000,0x00000000f5580000,0x00000000f8480000)
  from space 1024K, 99% used [0x00000000f8480000,0x00000000f857de68,0x00000000f8580000)
  to   space 1536K, 0% used [0x00000000f8800000,0x00000000f8800000,0x00000000f8980000)
 ParOldGen       total 112128K, used 42348K [0x00000000e0000000, 0x00000000e6d80000, 0x00000000f5580000)
  object space 112128K, 37% used [0x00000000e0000000,0x00000000e295b050,0x00000000e6d80000)
 Metaspace       used 81737K, capacity 88082K, committed 88192K, reserved 1126400K
  class space    used 9880K, capacity 11890K, committed 11904K, reserved 1048576K
}
Event: 148325.764 GC heap before
{Heap before GC invocations=4965 (full 2473):
 PSYoungGen      total 49152K, used 49143K [0x00000000f5580000, 0x00000000f8980000, 0x0000000100000000)
  eden space 48128K, 100% used [0x00000000f5580000,0x00000000f8480000,0x00000000f8480000)
  from space 1024K, 99% used [0x00000000f8480000,0x00000000f857de68,0x00000000f8580000)
  to   space 1536K, 0% used [0x00000000f8800000,0x00000000f8800000,0x00000000f8980000)
 ParOldGen       total 112128K, used 42348K [0x00000000e0000000, 0x00000000e6d80000, 0x00000000f5580000)
  object space 112128K, 37% used [0x00000000e0000000,0x00000000e295b050,0x00000000e6d80000)
 Metaspace       used 82097K, capacity 88402K, committed 88576K, reserved 1126400K
  class space    used 9924K, capacity 11954K, committed 12032K, reserved 1048576K
Event: 148325.771 GC heap after
Heap after GC invocations=4965 (full 2473):
 PSYoungGen      total 50176K, used 1522K [0x00000000f5580000, 0x00000000f8c80000, 0x0000000100000000)
  eden space 48640K, 0% used [0x00000000f5580000,0x00000000f5580000,0x00000000f8500000)
  from space 1536K, 99% used [0x00000000f8800000,0x00000000f897c810,0x00000000f8980000)
  to   space 3072K, 0% used [0x00000000f8500000,0x00000000f8500000,0x00000000f8800000)
 ParOldGen       total 112128K, used 45506K [0x00000000e0000000, 0x00000000e6d80000, 0x00000000f5580000)
  object space 112128K, 40% used [0x00000000e0000000,0x00000000e2c70908,0x00000000e6d80000)
 Metaspace       used 82097K, capacity 88402K, committed 88576K, reserved 1126400K
  class space    used 9924K, capacity 11954K, committed 12032K, reserved 1048576K
}

